<?xml version="1.0" encoding="UTF-8"?>
<testng-results ignored="0" total="1" passed="1" failed="0" skipped="0">
  <reporter-output>
  </reporter-output>
  <suite started-at="2023-02-25T20:33:40 PST" name="Default suite" finished-at="2023-02-25T20:34:34 PST" duration-ms="53234">
    <groups>
    </groups>
    <test started-at="2023-02-25T20:33:40 PST" name="Default test" finished-at="2023-02-25T20:34:34 PST" duration-ms="53234">
      <class name="exe3.MenuLinks">
        <test-method is-config="true" signature="openBrowser()[pri:0, instance:exe3.MenuLinks@d737b89]" started-at="2023-02-25T20:33:40 PST" name="openBrowser" finished-at="2023-02-25T20:33:50 PST" duration-ms="9585" status="PASS">
          <reporter-output>
          </reporter-output>
        </test-method> <!-- openBrowser -->
        <test-method signature="testmenulink()[pri:0, instance:exe3.MenuLinks@d737b89]" started-at="2023-02-25T20:33:50 PST" name="testmenulink" finished-at="2023-02-25T20:34:33 PST" duration-ms="43052" status="PASS">
          <reporter-output>
          </reporter-output>
        </test-method> <!-- testmenulink -->
        <test-method is-config="true" signature="closeBrowser()[pri:0, instance:exe3.MenuLinks@d737b89]" started-at="2023-02-25T20:34:33 PST" name="closeBrowser" finished-at="2023-02-25T20:34:34 PST" duration-ms="485" status="PASS">
          <reporter-output>
          </reporter-output>
        </test-method> <!-- closeBrowser -->
      </class> <!-- exe3.MenuLinks -->
    </test> <!-- Default test -->
  </suite> <!-- Default suite -->
</testng-results>
